{
  "stats": {
    "suites": 5,
    "tests": 10,
    "passes": 9,
    "pending": 0,
    "failures": 1,
    "start": "2025-03-17T11:06:11.450Z",
    "end": "2025-03-17T11:06:25.272Z",
    "duration": 13822,
    "testsRegistered": 10,
    "passPercent": 90,
    "pendingPercent": 0,
    "other": 0,
    "hasOther": false,
    "skipped": 0,
    "hasSkipped": false
  },
  "results": [
    {
      "uuid": "bf7b0290-e5a5-48d9-9d26-d153b387cf46",
      "title": "",
      "fullFile": "",
      "file": "",
      "beforeHooks": [],
      "afterHooks": [],
      "tests": [],
      "suites": [
        {
          "uuid": "784d9cdc-8a40-4a39-9897-4f97e2eae2f4",
          "title": "Sum Function",
          "fullFile": "C:\\Users\\Drew\\Documents\\VScode-workspace\\selenium-infrastructure\\test\\tests\\sumFunction.test.js",
          "file": "\\test\\tests\\sumFunction.test.js",
          "beforeHooks": [],
          "afterHooks": [],
          "tests": [
            {
              "title": "Two Plus Three",
              "fullTitle": "Sum Function Two Plus Three",
              "timedOut": null,
              "duration": 1,
              "state": "passed",
              "speed": "fast",
              "pass": true,
              "fail": false,
              "pending": false,
              "context": null,
              "code": "expect(sum(math.a, math.b)).to.equal(math.result);",
              "err": {},
              "uuid": "01c105a3-8c6d-4b3b-9a34-14ea90688d5f",
              "parentUUID": null,
              "isHook": false,
              "skipped": false
            },
            {
              "title": "Four Plus Five",
              "fullTitle": "Sum Function Four Plus Five",
              "timedOut": null,
              "duration": 0,
              "state": "passed",
              "speed": "fast",
              "pass": true,
              "fail": false,
              "pending": false,
              "context": null,
              "code": "expect(sum(math.a, math.b)).to.equal(math.result);",
              "err": {},
              "uuid": "98668fbf-ff96-43d5-a5a4-8b253b6df91f",
              "parentUUID": null,
              "isHook": false,
              "skipped": false
            },
            {
              "title": "Six Plus Seven (Forced Error)",
              "fullTitle": "Sum Function Six Plus Seven (Forced Error)",
              "timedOut": null,
              "duration": 1,
              "state": "failed",
              "speed": null,
              "pass": false,
              "fail": true,
              "pending": false,
              "context": null,
              "code": "expect(sum(math.a, math.b)).to.equal(math.result);",
              "err": {
                "message": "AssertionError: expected 13 to equal 12",
                "estack": "AssertionError: expected 13 to equal 12\n    at Context.<anonymous> (file:///C:/Users/Drew/Documents/VScode-workspace/selenium-infrastructure/test/tests/sumFunction.test.js:11:44)\n    at process.processImmediate (node:internal/timers:478:21)",
                "diff": "- 13\n+ 12\n"
              },
              "uuid": "25e7a67a-879d-436a-9e5e-5e58e18d0bad",
              "parentUUID": null,
              "isHook": false,
              "skipped": false
            }
          ],
          "suites": [],
          "passes": [
            "01c105a3-8c6d-4b3b-9a34-14ea90688d5f",
            "98668fbf-ff96-43d5-a5a4-8b253b6df91f"
          ],
          "failures": [
            "25e7a67a-879d-436a-9e5e-5e58e18d0bad"
          ],
          "pending": [],
          "skipped": [],
          "duration": 2,
          "root": false,
          "rootEmpty": false,
          "_timeout": null
        },
        {
          "uuid": "058e7b3f-d1f6-42b5-af11-1fef6c43f22d",
          "title": "Pricing Page",
          "fullFile": "C:\\Users\\Drew\\Documents\\VScode-workspace\\selenium-infrastructure\\test\\tests\\pricingPage.test.js",
          "file": "\\test\\tests\\pricingPage.test.js",
          "beforeHooks": [
            {
              "title": "\"before each\" hook in \"Pricing Page\"",
              "fullTitle": "Pricing Page \"before each\" hook in \"Pricing Page\"",
              "timedOut": null,
              "duration": 3628,
              "state": null,
              "speed": null,
              "pass": false,
              "fail": false,
              "pending": null,
              "context": null,
              "code": "this.driver = await (new DriverManager()).getDriver();\nthis.pricingPage = new PricingPage(this.driver);\nawait this.pricingPage.open();",
              "err": {},
              "uuid": "be260ec0-5e40-4a16-99ac-4136aed7996b",
              "parentUUID": null,
              "isHook": true,
              "skipped": false
            }
          ],
          "afterHooks": [
            {
              "title": "\"after all\" hook in \"Pricing Page\"",
              "fullTitle": "Pricing Page \"after all\" hook in \"Pricing Page\"",
              "timedOut": null,
              "duration": 53,
              "state": null,
              "speed": null,
              "pass": false,
              "fail": false,
              "pending": null,
              "context": null,
              "code": "await this.driver.quit();",
              "err": {},
              "uuid": "a5b14a1a-1558-458d-82b0-6aef7066db8b",
              "parentUUID": null,
              "isHook": true,
              "skipped": false
            }
          ],
          "tests": [
            {
              "title": "DevCraft Complete Pricing",
              "fullTitle": "Pricing Page DevCraft Complete Pricing",
              "timedOut": null,
              "duration": 3226,
              "state": "passed",
              "speed": "slow",
              "pass": true,
              "fail": false,
              "pending": false,
              "context": null,
              "code": "await this.pricingPage.verifyProductPrice(\"DevCraft Complete\", \"1299\");",
              "err": {},
              "uuid": "173b44cb-b137-4065-ab1e-eef4d0317793",
              "parentUUID": null,
              "isHook": false,
              "skipped": false
            }
          ],
          "suites": [],
          "passes": [
            "173b44cb-b137-4065-ab1e-eef4d0317793"
          ],
          "failures": [],
          "pending": [],
          "skipped": [],
          "duration": 3226,
          "root": false,
          "rootEmpty": false,
          "_timeout": null
        },
        {
          "uuid": "2a9b40dc-b908-4aa2-a183-d5affde1e40c",
          "title": "Search Page",
          "fullFile": "C:\\Users\\Drew\\Documents\\VScode-workspace\\selenium-infrastructure\\test\\tests\\searchPage.test.js",
          "file": "\\test\\tests\\searchPage.test.js",
          "beforeHooks": [
            {
              "title": "\"before each\" hook in \"Search Page\"",
              "fullTitle": "Search Page \"before each\" hook in \"Search Page\"",
              "timedOut": null,
              "duration": 4754,
              "state": null,
              "speed": null,
              "pass": false,
              "fail": false,
              "pending": null,
              "context": null,
              "code": "this.driver = await (new DriverManager()).getDriver();\nthis.searchPage = new SearchPage(this.driver);\nawait this.searchPage.open();",
              "err": {},
              "uuid": "325c2d5a-9690-401c-a040-f08b31b73320",
              "parentUUID": null,
              "isHook": true,
              "skipped": false
            }
          ],
          "afterHooks": [
            {
              "title": "\"after all\" hook in \"Search Page\"",
              "fullTitle": "Search Page \"after all\" hook in \"Search Page\"",
              "timedOut": null,
              "duration": 66,
              "state": null,
              "speed": null,
              "pass": false,
              "fail": false,
              "pending": null,
              "context": null,
              "code": "await this.driver.quit();",
              "err": {},
              "uuid": "9a4bc506-54e3-4bac-afdb-1e22e856971f",
              "parentUUID": null,
              "isHook": true,
              "skipped": false
            }
          ],
          "tests": [
            {
              "title": "Search DevCraft",
              "fullTitle": "Search Page Search DevCraft",
              "timedOut": null,
              "duration": 2621,
              "state": "passed",
              "speed": "slow",
              "pass": true,
              "fail": false,
              "pending": false,
              "context": null,
              "code": "await this.searchPage.search(\"DevCraft\");\nawait this.searchPage.verifyFirstLinkText(\"DevCraft\");",
              "err": {},
              "uuid": "4c75a561-34d8-4af7-bdf7-fdb505823fb0",
              "parentUUID": null,
              "isHook": false,
              "skipped": false
            }
          ],
          "suites": [],
          "passes": [
            "4c75a561-34d8-4af7-bdf7-fdb505823fb0"
          ],
          "failures": [],
          "pending": [],
          "skipped": [],
          "duration": 2621,
          "root": false,
          "rootEmpty": false,
          "_timeout": null
        },
        {
          "uuid": "a08a4e95-07ef-4de6-bafe-8351e2f28ee8",
          "title": "Home Page",
          "fullFile": "C:\\Users\\Drew\\Documents\\VScode-workspace\\selenium-infrastructure\\test\\tests\\homePage.test.js",
          "file": "\\test\\tests\\homePage.test.js",
          "beforeHooks": [
            {
              "title": "\"before each\" hook in \"Home Page\"",
              "fullTitle": "Home Page \"before each\" hook in \"Home Page\"",
              "timedOut": null,
              "duration": 455,
              "state": null,
              "speed": null,
              "pass": false,
              "fail": false,
              "pending": null,
              "context": null,
              "code": "this.driver = await (new DriverManager()).getDriver();\n\nthis.homePage = new HomePage(this.driver);\nthis.contactUsPage = new ContactUsPage(this.driver);\nthis.pricingPage = new PricingPage(this.driver);\nthis.searchPage = new SearchPage(this.driver);\nawait this.homePage.open();",
              "err": {},
              "uuid": "8389f3cc-8ea9-444e-be7f-a4b9806770b7",
              "parentUUID": null,
              "isHook": true,
              "skipped": false
            }
          ],
          "afterHooks": [
            {
              "title": "\"after all\" hook in \"Home Page\"",
              "fullTitle": "Home Page \"after all\" hook in \"Home Page\"",
              "timedOut": null,
              "duration": 62,
              "state": null,
              "speed": null,
              "pass": false,
              "fail": false,
              "pending": null,
              "context": null,
              "code": "await this.driver.quit();",
              "err": {},
              "uuid": "be022819-20ad-4cda-96cf-060093d96eea",
              "parentUUID": null,
              "isHook": true,
              "skipped": false
            }
          ],
          "tests": [
            {
              "title": "Contact Us Link",
              "fullTitle": "Home Page Contact Us Link",
              "timedOut": null,
              "duration": 2088,
              "state": "passed",
              "speed": "slow",
              "pass": true,
              "fail": false,
              "pending": false,
              "context": null,
              "code": "await this.homePage.clickContactUsLink();\nawait this.contactUsPage.verifyPageTitle();",
              "err": {},
              "uuid": "4e62857c-a382-4397-a861-28de4dcacd6a",
              "parentUUID": null,
              "isHook": false,
              "skipped": false
            },
            {
              "title": "Search Link",
              "fullTitle": "Home Page Search Link",
              "timedOut": null,
              "duration": 1355,
              "state": "passed",
              "speed": "slow",
              "pass": true,
              "fail": false,
              "pending": false,
              "context": null,
              "code": "await this.homePage.clickSearchLink();\nawait this.searchPage.verifyPageTitle();",
              "err": {},
              "uuid": "d67ae723-590e-480a-81f1-15427531b166",
              "parentUUID": null,
              "isHook": false,
              "skipped": false
            },
            {
              "title": "Pricing Link",
              "fullTitle": "Home Page Pricing Link",
              "timedOut": null,
              "duration": 605,
              "state": "passed",
              "speed": "slow",
              "pass": true,
              "fail": false,
              "pending": false,
              "context": null,
              "code": "await this.homePage.clickPricingLink();\nawait this.pricingPage.verifyPageTitle();",
              "err": {},
              "uuid": "c5dc6857-a9e3-4657-b365-cbcf564ea027",
              "parentUUID": null,
              "isHook": false,
              "skipped": false
            }
          ],
          "suites": [],
          "passes": [
            "4e62857c-a382-4397-a861-28de4dcacd6a",
            "d67ae723-590e-480a-81f1-15427531b166",
            "c5dc6857-a9e3-4657-b365-cbcf564ea027"
          ],
          "failures": [],
          "pending": [],
          "skipped": [],
          "duration": 4048,
          "root": false,
          "rootEmpty": false,
          "_timeout": null
        },
        {
          "uuid": "183232be-ebfc-4292-b934-ae608b6712bf",
          "title": "Contact Us Form",
          "fullFile": "C:\\Users\\Drew\\Documents\\VScode-workspace\\selenium-infrastructure\\test\\tests\\contactUsPage.test.js",
          "file": "\\test\\tests\\contactUsPage.test.js",
          "beforeHooks": [],
          "afterHooks": [
            {
              "title": "\"after all\" hook in \"Contact Us Form\"",
              "fullTitle": "Contact Us Form \"after all\" hook in \"Contact Us Form\"",
              "timedOut": null,
              "duration": 51,
              "state": null,
              "speed": null,
              "pass": false,
              "fail": false,
              "pending": null,
              "context": null,
              "code": "await this.driver.quit();",
              "err": {},
              "uuid": "b0a9820d-a68b-40c1-b5d7-ec48cfa607d2",
              "parentUUID": null,
              "isHook": true,
              "skipped": false
            }
          ],
          "tests": [
            {
              "title": "Steve Form",
              "fullTitle": "Contact Us Form Steve Form",
              "timedOut": null,
              "duration": 8954,
              "state": "passed",
              "speed": "slow",
              "pass": true,
              "fail": false,
              "pending": false,
              "context": null,
              "code": "try {\n    this.driver = await (new DriverManager()).getDriver();\n    this.contactUsPage = new ContactUsPage(this.driver);\n    await this.contactUsPage.open();\n    \n    await this.contactUsPage.fillGetInTouchForm(user);\n} finally {};",
              "err": {},
              "uuid": "6f5addbd-f3a5-4cd3-8d07-3c1fbfec9088",
              "parentUUID": null,
              "isHook": false,
              "skipped": false
            },
            {
              "title": "Mike Form",
              "fullTitle": "Contact Us Form Mike Form",
              "timedOut": null,
              "duration": 4239,
              "state": "passed",
              "speed": "slow",
              "pass": true,
              "fail": false,
              "pending": false,
              "context": null,
              "code": "try {\n    this.driver = await (new DriverManager()).getDriver();\n    this.contactUsPage = new ContactUsPage(this.driver);\n    await this.contactUsPage.open();\n    \n    await this.contactUsPage.fillGetInTouchForm(user);\n} finally {};",
              "err": {},
              "uuid": "5bb9b1aa-b48a-4d05-b8be-25406f12d287",
              "parentUUID": null,
              "isHook": false,
              "skipped": false
            }
          ],
          "suites": [],
          "passes": [
            "6f5addbd-f3a5-4cd3-8d07-3c1fbfec9088",
            "5bb9b1aa-b48a-4d05-b8be-25406f12d287"
          ],
          "failures": [],
          "pending": [],
          "skipped": [],
          "duration": 13193,
          "root": false,
          "rootEmpty": false,
          "_timeout": null
        }
      ],
      "passes": [],
      "failures": [],
      "pending": [],
      "skipped": [],
      "duration": 0,
      "root": true,
      "rootEmpty": true,
      "_timeout": 0
    }
  ],
  "meta": {
    "mocha": {
      "version": "11.1.0"
    },
    "mochawesome": {
      "options": {
        "quiet": false,
        "reportFilename": "Test_Report",
        "saveHtml": true,
        "saveJson": true,
        "consoleReporter": "spec",
        "useInlineDiffs": false,
        "code": true
      },
      "version": "7.1.3"
    },
    "marge": {
      "options": {
        "reportDir": "test/reports/lastRun",
        "reportFilename": "Test_Report"
      },
      "version": "6.2.0"
    }
  }
}