{
  "stats": {
    "suites": 1,
    "tests": 3,
    "passes": 2,
    "pending": 0,
    "failures": 8,
    "start": "2025-03-20T21:45:38.146Z",
    "end": "2025-03-20T21:45:38.977Z",
    "duration": 831,
    "testsRegistered": 3,
    "passPercent": 66.66666666666666,
    "pendingPercent": 0,
    "other": 1,
    "hasOther": true,
    "skipped": 0,
    "hasSkipped": false
  },
  "results": [
    {
      "uuid": "48201a51-a540-4754-b613-f8eb14649416",
      "title": "",
      "fullFile": "C:\\Users\\Drew\\Documents\\VScode-workspace\\selenium-infrastructure\\test\\functional\\tests\\sumFunction.test.js",
      "file": "\\test\\functional\\tests\\sumFunction.test.js",
      "beforeHooks": [],
      "afterHooks": [],
      "tests": [],
      "suites": [
        {
          "uuid": "60126a98-5a24-4c07-8ce2-d9564e9c2e4c",
          "title": "Sum Function",
          "fullFile": "C:\\Users\\Drew\\Documents\\VScode-workspace\\selenium-infrastructure\\test\\functional\\tests\\sumFunction.test.js",
          "file": "\\test\\functional\\tests\\sumFunction.test.js",
          "beforeHooks": [],
          "afterHooks": [],
          "tests": [
            {
              "title": "Two Plus Three",
              "fullTitle": "Sum Function Two Plus Three",
              "timedOut": null,
              "duration": 1,
              "state": "passed",
              "speed": "fast",
              "pass": true,
              "fail": false,
              "pending": false,
              "context": null,
              "code": "expect(sum(math.a, math.b)).to.equal(math.result);",
              "err": {},
              "uuid": "79806bdf-a33c-4be8-8c4d-72d48af20d0c",
              "parentUUID": null,
              "isHook": false,
              "skipped": false
            },
            {
              "title": "Four Plus Five",
              "fullTitle": "Sum Function Four Plus Five",
              "timedOut": null,
              "duration": 0,
              "state": "passed",
              "speed": "fast",
              "pass": true,
              "fail": false,
              "pending": false,
              "context": null,
              "code": "expect(sum(math.a, math.b)).to.equal(math.result);",
              "err": {},
              "uuid": "68023355-af32-47c1-956f-9e4b3ebde814",
              "parentUUID": null,
              "isHook": false,
              "skipped": false
            },
            {
              "title": "Six Plus Seven (Forced Error)",
              "fullTitle": "Sum Function Six Plus Seven (Forced Error)",
              "timedOut": null,
              "duration": 1,
              "state": "failed",
              "speed": null,
              "pass": false,
              "fail": true,
              "pending": false,
              "context": null,
              "code": "expect(sum(math.a, math.b)).to.equal(math.result);",
              "err": {
                "message": "AssertionError: expected 13 to equal 12",
                "estack": "AssertionError: expected 13 to equal 12\n    at Context.<anonymous> (file:///C:/Users/Drew/Documents/VScode-workspace/selenium-infrastructure/test/functional/tests/sumFunction.test.js:11:44)\n    at process.processImmediate (node:internal/timers:478:21)",
                "diff": "- 13\n+ 12\n"
              },
              "uuid": "215cef32-a944-4e1d-a8f0-c0dc9f45af43",
              "parentUUID": null,
              "isHook": false,
              "skipped": false
            }
          ],
          "suites": [],
          "passes": [
            "79806bdf-a33c-4be8-8c4d-72d48af20d0c",
            "68023355-af32-47c1-956f-9e4b3ebde814"
          ],
          "failures": [
            "215cef32-a944-4e1d-a8f0-c0dc9f45af43"
          ],
          "pending": [],
          "skipped": [],
          "duration": 2,
          "root": false,
          "rootEmpty": false,
          "_timeout": null
        }
      ],
      "passes": [],
      "failures": [],
      "pending": [],
      "skipped": [],
      "duration": 0,
      "root": true,
      "rootEmpty": true,
      "_timeout": 0
    }
  ],
  "meta": {
    "mocha": {
      "version": "11.1.0"
    },
    "mochawesome": {
      "options": {
        "quiet": false,
        "reportFilename": "Test_Report",
        "saveHtml": true,
        "saveJson": true,
        "consoleReporter": "spec",
        "useInlineDiffs": false,
        "code": true
      },
      "version": "7.1.3"
    },
    "marge": {
      "options": {
        "reportDir": "test/reports/lastRun",
        "reportFilename": "Test_Report"
      },
      "version": "6.2.0"
    }
  }
}